{"/home/admin/work/fpc/src/array/limit/right/_/index.ts": {"path":"/home/admin/work/fpc/src/array/limit/right/_/index.ts","statementMap":{"0":{"start":{"line":13,"column":21},"end":{"line":13,"column":26}},"1":{"start":{"line":14,"column":2},"end":{"line":28,"column":3}},"2":{"start":{"line":15,"column":22},"end":{"line":15,"column":37}},"3":{"start":{"line":17,"column":16},"end":{"line":17,"column":45}},"4":{"start":{"line":18,"column":17},"end":{"line":18,"column":31}},"5":{"start":{"line":19,"column":21},"end":{"line":19,"column":36}},"6":{"start":{"line":20,"column":16},"end":{"line":20,"column":17}},"7":{"start":{"line":21,"column":4},"end":{"line":25,"column":5}},"8":{"start":{"line":22,"column":6},"end":{"line":22,"column":37}},"9":{"start":{"line":23,"column":6},"end":{"line":23,"column":14}},"10":{"start":{"line":24,"column":6},"end":{"line":24,"column":14}},"11":{"start":{"line":27,"column":4},"end":{"line":27,"column":50}},"12":{"start":{"line":30,"column":2},"end":{"line":30,"column":42}}},"fnMap":{"0":{"name":"_limitRight","decl":{"start":{"line":12,"column":9},"end":{"line":12,"column":20}},"loc":{"start":{"line":12,"column":139},"end":{"line":31,"column":1}},"line":12}},"branchMap":{"0":{"loc":{"start":{"line":14,"column":2},"end":{"line":28,"column":3}},"type":"if","locations":[{"start":{"line":14,"column":2},"end":{"line":28,"column":3}},{"start":{},"end":{}}],"line":14},"1":{"loc":{"start":{"line":17,"column":16},"end":{"line":17,"column":45}},"type":"cond-expr","locations":[{"start":{"line":17,"column":32},"end":{"line":17,"column":41}},{"start":{"line":17,"column":44},"end":{"line":17,"column":45}}],"line":17}},"s":{"0":4,"1":4,"2":3,"3":3,"4":3,"5":3,"6":3,"7":3,"8":7,"9":7,"10":7,"11":3,"12":1},"f":{"0":4},"b":{"0":[3,1],"1":[1,2]},"_coverageSchema":"1a1c01bbd47fc00a2c39e90264f33305004495a9","hash":"89a1266f600eec51786ef56f25f75ca823bb003b"}
,"/home/admin/work/fpc/src/arrayLike/at/direct/core/index.ts": {"path":"/home/admin/work/fpc/src/arrayLike/at/direct/core/index.ts","statementMap":{"0":{"start":{"line":16,"column":53},"end":{"line":16,"column":198}},"1":{"start":{"line":16,"column":159},"end":{"line":16,"column":198}}},"fnMap":{"0":{"name":"(anonymous_0)","decl":{"start":{"line":16,"column":53},"end":{"line":16,"column":54}},"loc":{"start":{"line":16,"column":159},"end":{"line":16,"column":198}},"line":16}},"branchMap":{},"s":{"0":1,"1":9},"f":{"0":9},"b":{},"_coverageSchema":"1a1c01bbd47fc00a2c39e90264f33305004495a9","hash":"dea915bc7db3805e3c2cdfe29ee28e4d309dd1c0"}
,"/home/admin/work/fpc/src/arrayLike/count/value/base/index.ts": {"path":"/home/admin/work/fpc/src/arrayLike/count/value/base/index.ts","statementMap":{"0":{"start":{"line":3,"column":32},"end":{"line":13,"column":1}},"1":{"start":{"line":4,"column":20},"end":{"line":4,"column":21}},"2":{"start":{"line":5,"column":14},"end":{"line":5,"column":40}},"3":{"start":{"line":6,"column":13},"end":{"line":6,"column":14}},"4":{"start":{"line":7,"column":1},"end":{"line":10,"column":2}},"5":{"start":{"line":8,"column":2},"end":{"line":8,"column":38}},"6":{"start":{"line":8,"column":30},"end":{"line":8,"column":38}},"7":{"start":{"line":9,"column":2},"end":{"line":9,"column":10}},"8":{"start":{"line":12,"column":1},"end":{"line":12,"column":14}}},"fnMap":{"0":{"name":"(anonymous_0)","decl":{"start":{"line":3,"column":32},"end":{"line":3,"column":33}},"loc":{"start":{"line":3,"column":139},"end":{"line":13,"column":1}},"line":3}},"branchMap":{"0":{"loc":{"start":{"line":5,"column":14},"end":{"line":5,"column":40}},"type":"cond-expr","locations":[{"start":{"line":5,"column":35},"end":{"line":5,"column":36}},{"start":{"line":5,"column":39},"end":{"line":5,"column":40}}],"line":5},"1":{"loc":{"start":{"line":8,"column":2},"end":{"line":8,"column":38}},"type":"if","locations":[{"start":{"line":8,"column":2},"end":{"line":8,"column":38}},{"start":{},"end":{}}],"line":8}},"s":{"0":1,"1":38,"2":38,"3":38,"4":38,"5":52,"6":7,"7":52,"8":38},"f":{"0":38},"b":{"0":[13,25],"1":[7,45]},"_coverageSchema":"1a1c01bbd47fc00a2c39e90264f33305004495a9","hash":"a6f4cd6d3d3ead33cbbe3d2ab7881c99ff3e8832"}
,"/home/admin/work/fpc/src/arrayLike/count/values/core/index.ts": {"path":"/home/admin/work/fpc/src/arrayLike/count/values/core/index.ts","statementMap":{"0":{"start":{"line":4,"column":33},"end":{"line":19,"column":1}},"1":{"start":{"line":5,"column":20},"end":{"line":5,"column":21}},"2":{"start":{"line":6,"column":1},"end":{"line":18,"column":2}},"3":{"start":{"line":7,"column":12},"end":{"line":7,"column":21}},"4":{"start":{"line":8,"column":12},"end":{"line":8,"column":89}},"5":{"start":{"line":10,"column":15},"end":{"line":10,"column":84}},"6":{"start":{"line":11,"column":15},"end":{"line":11,"column":16}},"7":{"start":{"line":12,"column":3},"end":{"line":15,"column":4}},"8":{"start":{"line":13,"column":4},"end":{"line":13,"column":87}},"9":{"start":{"line":14,"column":4},"end":{"line":14,"column":12}},"10":{"start":{"line":16,"column":3},"end":{"line":16,"column":16}}},"fnMap":{"0":{"name":"(anonymous_0)","decl":{"start":{"line":4,"column":33},"end":{"line":4,"column":34}},"loc":{"start":{"line":4,"column":189},"end":{"line":19,"column":1}},"line":4}},"branchMap":{"0":{"loc":{"start":{"line":6,"column":1},"end":{"line":18,"column":2}},"type":"switch","locations":[{"start":{"line":7,"column":2},"end":{"line":7,"column":21}},{"start":{"line":8,"column":2},"end":{"line":8,"column":89}},{"start":{"line":9,"column":2},"end":{"line":17,"column":3}}],"line":6}},"s":{"0":1,"1":15,"2":15,"3":2,"4":4,"5":9,"6":9,"7":9,"8":25,"9":25,"10":9},"f":{"0":15},"b":{"0":[2,4,9]},"_coverageSchema":"1a1c01bbd47fc00a2c39e90264f33305004495a9","hash":"867a7368e2bac085360dcdfda657761121a8a13a"}
,"/home/admin/work/fpc/src/arrayLike/forEach/core/index.ts": {"path":"/home/admin/work/fpc/src/arrayLike/forEach/core/index.ts","statementMap":{"0":{"start":{"line":4,"column":51},"end":{"line":11,"column":1}},"1":{"start":{"line":5,"column":21},"end":{"line":5,"column":22}},"2":{"start":{"line":6,"column":14},"end":{"line":6,"column":15}},"3":{"start":{"line":7,"column":2},"end":{"line":10,"column":3}},"4":{"start":{"line":8,"column":4},"end":{"line":8,"column":28}},"5":{"start":{"line":9,"column":4},"end":{"line":9,"column":11}}},"fnMap":{"0":{"name":"(anonymous_0)","decl":{"start":{"line":4,"column":51},"end":{"line":4,"column":52}},"loc":{"start":{"line":4,"column":108},"end":{"line":11,"column":1}},"line":4}},"branchMap":{},"s":{"0":1,"1":4,"2":4,"3":4,"4":32,"5":32},"f":{"0":4},"b":{},"_coverageSchema":"1a1c01bbd47fc00a2c39e90264f33305004495a9","hash":"92f7399502c64a272673f4b2895282d3ccc76684"}
}
