TN:
SF:src/array/limit/right/_/index.ts
FN:12,_limitRight
FNF:1
FNH:1
FNDA:4,_limitRight
DA:13,4
DA:14,4
DA:15,3
DA:17,3
DA:18,3
DA:19,3
DA:20,3
DA:21,3
DA:22,7
DA:23,7
DA:24,7
DA:27,3
DA:30,1
LF:13
LH:13
BRDA:14,0,0,3
BRDA:14,0,1,1
BRDA:17,1,0,1
BRDA:17,1,1,2
BRF:4
BRH:4
end_of_record
TN:
SF:src/arrayLike/at/direct/core/index.ts
FN:16,(anonymous_0)
FNF:1
FNH:1
FNDA:9,(anonymous_0)
DA:16,9
LF:1
LH:1
BRF:0
BRH:0
end_of_record
TN:
SF:src/arrayLike/count/value/base/index.ts
FN:3,(anonymous_0)
FNF:1
FNH:1
FNDA:38,(anonymous_0)
DA:3,1
DA:4,38
DA:5,38
DA:6,38
DA:7,38
DA:8,52
DA:9,52
DA:12,38
LF:8
LH:8
BRDA:5,0,0,13
BRDA:5,0,1,25
BRDA:8,1,0,7
BRDA:8,1,1,45
BRF:4
BRH:4
end_of_record
TN:
SF:src/arrayLike/count/values/core/index.ts
FN:4,(anonymous_0)
FNF:1
FNH:1
FNDA:15,(anonymous_0)
DA:4,1
DA:5,15
DA:6,15
DA:7,2
DA:8,4
DA:10,9
DA:11,9
DA:12,9
DA:13,25
DA:14,25
DA:16,9
LF:11
LH:11
BRDA:6,0,0,2
BRDA:6,0,1,4
BRDA:6,0,2,9
BRF:3
BRH:3
end_of_record
TN:
SF:src/arrayLike/forEach/core/index.ts
FN:4,(anonymous_0)
FNF:1
FNH:1
FNDA:4,(anonymous_0)
DA:4,1
DA:5,4
DA:6,4
DA:7,4
DA:8,32
DA:9,32
LF:6
LH:6
BRF:0
BRH:0
end_of_record
